GET / 404 139 - 3.803 ms
POST /notifications 200 58 - 13.538 ms
GET /notifications/1 200 275 - 0.455 ms
GET /notifications/1 304 - - 0.242 ms
GET /notifications/1 304 - - 0.215 ms
POST /notifications 200 58 - 8.826 ms
GET /notifications 200 806 - 2.114 ms
GET /notifications 304 - - 0.468 ms
GET /notifications 200 806 - 3.169 ms
GET /notifications 304 - - 0.595 ms
GET /notifications/1 200 275 - 0.506 ms
GET /notifications 304 - - 0.381 ms
GET /notifications/1 304 - - 0.615 ms
GET /notifications 304 - - 0.327 ms
GET /notifications/1 304 - - 0.309 ms
GET /notifications 304 - - 0.264 ms
GET /notifications/1 304 - - 0.211 ms
GET /notifications 304 - - 0.268 ms
GET /notifications/1 304 - - 0.323 ms
GET /notifications 304 - - 0.349 ms
GET /notifications/1 304 - - 0.486 ms
GET /notifications 304 - - 0.254 ms
GET /notifications/1 304 - - 0.207 ms
GET /notifications 304 - - 0.507 ms
GET /notifications/1 304 - - 0.515 ms
GET /notifications 304 - - 0.296 ms
GET /notifications/1 304 - - 0.414 ms
GET /notifications 200 806 - 0.647 ms
GET /notifications 304 - - 0.287 ms
GET /notifications/1 304 - - 0.204 ms
GET /notifications 304 - - 0.708 ms
GET /notifications/1 304 - - 0.278 ms
GET /notifications 304 - - 0.307 ms
GET /notifications/1 304 - - 0.284 ms
GET /notifications 304 - - 0.221 ms
GET /notifications/1 304 - - 0.185 ms
GET /notifications 304 - - 0.555 ms
GET /notifications/1 304 - - 0.356 ms
GET /notifications 304 - - 0.720 ms
GET /notifications/1 304 - - 0.451 ms
GET /notifications 304 - - 0.213 ms
GET /notifications/1 304 - - 0.178 ms
GET /notifications 304 - - 0.261 ms
GET /notifications/1 304 - - 0.278 ms
GET /notifications 304 - - 0.318 ms
GET /notifications/1 304 - - 0.308 ms
GET /notifications 304 - - 0.334 ms
GET /notifications/1 304 - - 0.235 ms
GET /notifications 304 - - 0.292 ms
GET /notifications/1 304 - - 0.264 ms
GET /notifications 304 - - 0.233 ms
GET /notifications/1 304 - - 0.285 ms
GET /notifications 304 - - 0.243 ms
GET /notifications/1 304 - - 0.186 ms
GET /notifications 304 - - 0.224 ms
GET /notifications/1 304 - - 0.183 ms
GET /notifications 304 - - 0.301 ms
GET /notifications/1 304 - - 0.939 ms
GET /notifications 304 - - 0.220 ms
GET /notifications/1 304 - - 0.174 ms
GET /notifications 304 - - 0.234 ms
GET /notifications/1 304 - - 0.197 ms
GET /notifications 304 - - 0.231 ms
GET /notifications/1 304 - - 0.244 ms
GET /notifications 304 - - 0.242 ms
GET /notifications/1 304 - - 0.356 ms
GET /notifications 304 - - 0.248 ms
GET /notifications/1 304 - - 0.221 ms
GET /notifications 304 - - 0.218 ms
GET /notifications/1 304 - - 0.174 ms
GET /notifications 304 - - 0.475 ms
GET /notifications/1 304 - - 0.372 ms
GET /notifications 304 - - 0.254 ms
GET /notifications/1 304 - - 0.261 ms
GET /notifications 304 - - 0.228 ms
GET /notifications/1 304 - - 0.374 ms
GET /notifications 304 - - 0.243 ms
GET /notifications/1 304 - - 0.313 ms
GET /notifications 304 - - 0.316 ms
GET /notifications/1 304 - - 0.386 ms
GET /notifications 304 - - 0.216 ms
GET /notifications/1 304 - - 0.170 ms
GET /notifications 304 - - 0.317 ms
GET /notifications/1 304 - - 0.259 ms
GET /notifications 304 - - 0.273 ms
GET /notifications/1 304 - - 0.193 ms
GET /notifications 304 - - 0.296 ms
GET /notifications/1 304 - - 0.412 ms
GET /notifications 304 - - 0.270 ms
GET /notifications/1 304 - - 1.411 ms
GET /notifications 304 - - 0.292 ms
GET /notifications/1 304 - - 0.223 ms
GET /notifications 304 - - 0.249 ms
GET /notifications/1 304 - - 0.507 ms
GET /notifications 304 - - 0.216 ms
GET /notifications/1 304 - - 0.171 ms
GET /notifications 304 - - 0.268 ms
GET /notifications/1 304 - - 0.265 ms
GET /notifications 304 - - 0.305 ms
GET /notifications/1 304 - - 0.243 ms
GET /notifications 304 - - 0.214 ms
GET /notifications/1 304 - - 0.175 ms
GET /notifications 304 - - 0.304 ms
GET /notifications/1 304 - - 0.553 ms
GET /notifications 304 - - 0.257 ms
GET /notifications/1 304 - - 0.216 ms
GET /notifications 304 - - 0.331 ms
GET /notifications/1 304 - - 0.212 ms
GET /notifications 304 - - 0.236 ms
GET /notifications/1 304 - - 0.202 ms
GET /notifications 304 - - 0.605 ms
GET /notifications/1 304 - - 0.508 ms
GET /notifications 304 - - 0.343 ms
GET /notifications/1 304 - - 0.237 ms
